Using pre-set license
Built from '2020.3/staging' branch; Version is '2020.3.19f1 (68f137dc9bbe) revision 6877495'; Using compiler version '192528614'; Build Type 'Release'
OS: 'Windows 10 Pro; OS build 19043.1415; Version 2009; 64bit' Language: 'es' Physical Memory: 16342 MB
BatchMode: 1, IsHumanControllingUs: 0, StartBugReporterOnCrash: 0, Is64bit: 1, IsPro: 0

COMMAND LINE ARGUMENTS:
C:\Program Files\Unity\Hub\Editor\2020.3.19f1\Editor\Unity.exe
-adb2
-batchMode
-noUpm
-name
AssetImportWorker0
-projectPath
D:/Marc Carrot/PROYECTO_4_INTERFAZ_DE_USUARIO/PROYECTO_4_INTERFAZ_DE_USUARIO
-logFile
Logs/AssetImportWorker0.log
-srvPort
63083
Successfully changed project path to: D:/Marc Carrot/PROYECTO_4_INTERFAZ_DE_USUARIO/PROYECTO_4_INTERFAZ_DE_USUARIO
D:/Marc Carrot/PROYECTO_4_INTERFAZ_DE_USUARIO/PROYECTO_4_INTERFAZ_DE_USUARIO
Using Asset Import Pipeline V2.
Refreshing native plugins compatible for Editor in 33.59 ms, found 2 plugins.
Preloading 0 native plugins for Editor in 0.00 ms.
Initialize engine version: 2020.3.19f1 (68f137dc9bbe)
[Subsystems] Discovering subsystems at path C:/Program Files/Unity/Hub/Editor/2020.3.19f1/Editor/Data/Resources/UnitySubsystems
[Subsystems] Discovering subsystems at path D:/Marc Carrot/PROYECTO_4_INTERFAZ_DE_USUARIO/PROYECTO_4_INTERFAZ_DE_USUARIO/Assets
GfxDevice: creating device client; threaded=0
Direct3D:
    Version:  Direct3D 11.0 [level 11.1]
    Renderer: NVIDIA GeForce GTX 1050 Ti (ID=0x1c82)
    Vendor:   
    VRAM:     4018 MB
    Driver:   27.21.14.5671
Initialize mono
Mono path[0] = 'C:/Program Files/Unity/Hub/Editor/2020.3.19f1/Editor/Data/Managed'
Mono path[1] = 'C:/Program Files/Unity/Hub/Editor/2020.3.19f1/Editor/Data/MonoBleedingEdge/lib/mono/unityjit'
Mono config path = 'C:/Program Files/Unity/Hub/Editor/2020.3.19f1/Editor/Data/MonoBleedingEdge/etc'
Using monoOptions --debugger-agent=transport=dt_socket,embedding=1,server=y,suspend=n,address=127.0.0.1:56408
Begin MonoManager ReloadAssembly
Registering precompiled unity dll's ...
Register platform support module: C:/Program Files/Unity/Hub/Editor/2020.3.19f1/Editor/Data/PlaybackEngines/WindowsStandaloneSupport/UnityEditor.WindowsStandalone.Extensions.dll
Registered in 0.001893 seconds.
Native extension for WindowsStandalone target not found
Refreshing native plugins compatible for Editor in 29.48 ms, found 2 plugins.
Preloading 0 native plugins for Editor in 0.00 ms.
Mono: successfully reloaded assembly
- Completed reload, in  1.129 seconds
Domain Reload Profiling:
	ReloadAssembly (1129ms)
		BeginReloadAssembly (57ms)
			ExecutionOrderSort (0ms)
			DisableScriptedObjects (0ms)
			BackupInstance (0ms)
			ReleaseScriptingObjects (0ms)
			CreateAndSetChildDomain (1ms)
		EndReloadAssembly (426ms)
			LoadAssemblies (54ms)
			RebuildTransferFunctionScriptingTraits (0ms)
			SetupTypeCache (160ms)
			ReleaseScriptCaches (0ms)
			RebuildScriptCaches (33ms)
			SetupLoadedEditorAssemblies (160ms)
				LogAssemblyErrors (0ms)
				InitializePlatformSupportModulesInManaged (4ms)
				SetLoadedEditorAssemblies (0ms)
				RefreshPlugins (30ms)
				BeforeProcessingInitializeOnLoad (9ms)
				ProcessInitializeOnLoadAttributes (86ms)
				ProcessInitializeOnLoadMethodAttributes (31ms)
				AfterProcessingInitializeOnLoad (0ms)
				EditorAssembliesLoaded (0ms)
			ExecutionOrderSort2 (0ms)
			AwakeInstancesAfterBackupRestoration (0ms)
Platform modules already initialized, skipping
Registering precompiled user dll's ...
Registered in 0.001809 seconds.
Begin MonoManager ReloadAssembly
Native extension for WindowsStandalone target not found
Refreshing native plugins compatible for Editor in 0.30 ms, found 2 plugins.
Preloading 0 native plugins for Editor in 0.00 ms.
Mono: successfully reloaded assembly
- Completed reload, in  1.008 seconds
Domain Reload Profiling:
	ReloadAssembly (1009ms)
		BeginReloadAssembly (150ms)
			ExecutionOrderSort (0ms)
			DisableScriptedObjects (5ms)
			BackupInstance (0ms)
			ReleaseScriptingObjects (0ms)
			CreateAndSetChildDomain (18ms)
		EndReloadAssembly (796ms)
			LoadAssemblies (84ms)
			RebuildTransferFunctionScriptingTraits (0ms)
			SetupTypeCache (278ms)
			ReleaseScriptCaches (0ms)
			RebuildScriptCaches (41ms)
			SetupLoadedEditorAssemblies (295ms)
				LogAssemblyErrors (0ms)
				InitializePlatformSupportModulesInManaged (5ms)
				SetLoadedEditorAssemblies (1ms)
				RefreshPlugins (0ms)
				BeforeProcessingInitializeOnLoad (53ms)
				ProcessInitializeOnLoadAttributes (224ms)
				ProcessInitializeOnLoadMethodAttributes (5ms)
				AfterProcessingInitializeOnLoad (6ms)
				EditorAssembliesLoaded (0ms)
			ExecutionOrderSort2 (0ms)
			AwakeInstancesAfterBackupRestoration (7ms)
Platform modules already initialized, skipping
========================================================================
Worker process is ready to serve import requests
Launched and connected shader compiler UnityShaderCompiler.exe after 0.05 seconds
Refreshing native plugins compatible for Editor in 0.30 ms, found 2 plugins.
Preloading 0 native plugins for Editor in 0.00 ms.
Unloading 1412 Unused Serialized files (Serialized files now loaded: 0)
System memory in use before: 67.4 MB.
System memory in use after: 67.5 MB.

Unloading 16 unused Assets to reduce memory usage. Loaded Objects now: 1847.
Total: 5.990600 ms (FindLiveObjects: 1.539900 ms CreateObjectMapping: 0.161400 ms MarkObjects: 2.948300 ms  DeleteObjects: 1.339400 ms)

AssetImportParameters requested are different than current active one (requested -> active):
  custom:framework-win-MediaFoundation: 216162199b28c13a410421893ffa2e32 -> 
  custom:video-decoder-ogg-theora: a1e56fd34408186e4bbccfd4996cb3dc -> 
  custom:container-muxer-webm: aa71ff27fc2769a1b78a27578f13a17b -> 
  custom:container-demuxer-webm: 4f35f7cbe854078d1ac9338744f61a02 -> 
  custom:container-demuxer-ogg: 62fdf1f143b41e24485cea50d1cbac27 -> 
  custom:video-encoder-webm-vp8: eb34c28f22e8b96e1ab97ce403110664 -> 
  custom:video-decoder-webm-vp8: 9c59270c3fd7afecdb556c50c9e8de78 -> 
  custom:audio-decoder-ogg-vorbis: bf7c407c2cedff20999df2af8eb42d56 -> 
  custom:audio-encoder-webm-vorbis: bf7c407c2cedff20999df2af8eb42d56 -> 
========================================================================
Received Import Request.
  path: Assets/SCRIPTS/TARGET.cs
  artifactKey: Guid(08a5ca5ea4a4e6540ad05a0f4e2f450a) Importer(815301076,1909f56bfc062723c751e8b465ee728b)
Start importing Assets/SCRIPTS/TARGET.cs using Guid(08a5ca5ea4a4e6540ad05a0f4e2f450a) Importer(815301076,1909f56bfc062723c751e8b465ee728b)  -> (artifact id: '346c99fcf3f82fb4e3c7e8a44938275b') in 0.075576 seconds 
  Import took 0.078533 seconds .

========================================================================
Received Import Request.
  Time since last request: 0.000175 seconds.
  path: Assets/SCRIPTS/GameManager.cs
  artifactKey: Guid(cc8ed344f4beb41479a7aa0aa98db888) Importer(815301076,1909f56bfc062723c751e8b465ee728b)
Start importing Assets/SCRIPTS/GameManager.cs using Guid(cc8ed344f4beb41479a7aa0aa98db888) Importer(815301076,1909f56bfc062723c751e8b465ee728b)  -> (artifact id: '91cb78de58f41a4c19fdfaf69ef8b86d') in 0.000911 seconds 
  Import took 0.008940 seconds .

========================================================================
Received Import Request.
  Time since last request: 63.536618 seconds.
  path: Assets/SCRIPTS/GameManager.cs
  artifactKey: Guid(cc8ed344f4beb41479a7aa0aa98db888) Importer(815301076,1909f56bfc062723c751e8b465ee728b)
Start importing Assets/SCRIPTS/GameManager.cs using Guid(cc8ed344f4beb41479a7aa0aa98db888) Importer(815301076,1909f56bfc062723c751e8b465ee728b)  -> (artifact id: 'f8462d3eea73afc5af704626dcebdda4') in 0.001293 seconds 
  Import took 0.010058 seconds .

========================================================================
Received Import Request.
  Time since last request: 1815.008678 seconds.
  path: Assets/Prefabs/Particles/Explosion_Cookie.prefab
  artifactKey: Guid(add0094915541482eba1289c3174a5ca) Importer(815301076,1909f56bfc062723c751e8b465ee728b)
Start importing Assets/Prefabs/Particles/Explosion_Cookie.prefab using Guid(add0094915541482eba1289c3174a5ca) Importer(815301076,1909f56bfc062723c751e8b465ee728b)  -> (artifact id: 'e86cf5ea1fa786a9f44772a67a029a15') in 0.119384 seconds 
  Import took 0.122111 seconds .

========================================================================
Received Import Request.
  Time since last request: 0.000289 seconds.
  path: Assets/Prefabs/Particles/Explosion_Steak.prefab
  artifactKey: Guid(066dd222b602e49afbe0f2b9c3c96ddb) Importer(815301076,1909f56bfc062723c751e8b465ee728b)
Start importing Assets/Prefabs/Particles/Explosion_Steak.prefab using Guid(066dd222b602e49afbe0f2b9c3c96ddb) Importer(815301076,1909f56bfc062723c751e8b465ee728b)  -> (artifact id: '99de8e84ace3a5626d026a2c6361fc3e') in 0.012399 seconds 
  Import took 0.014717 seconds .

========================================================================
Received Import Request.
  Time since last request: 0.000353 seconds.
  path: Assets/Prefabs/Particles/Explosion_Pizza.prefab
  artifactKey: Guid(ca11de6347ee648e78e32d5edb051192) Importer(815301076,1909f56bfc062723c751e8b465ee728b)
Start importing Assets/Prefabs/Particles/Explosion_Pizza.prefab using Guid(ca11de6347ee648e78e32d5edb051192) Importer(815301076,1909f56bfc062723c751e8b465ee728b)  -> (artifact id: 'e4eecab40ebb45341738bc758bedb60b') in 0.012735 seconds 
  Import took 0.016505 seconds .

========================================================================
Received Import Request.
  Time since last request: 0.000256 seconds.
  path: Assets/Prefabs/Particles/Explosion_Skull.prefab
  artifactKey: Guid(ad604245d81df4d9faffb305340f5797) Importer(815301076,1909f56bfc062723c751e8b465ee728b)
Start importing Assets/Prefabs/Particles/Explosion_Skull.prefab using Guid(ad604245d81df4d9faffb305340f5797) Importer(815301076,1909f56bfc062723c751e8b465ee728b)  -> (artifact id: '1ec2b50031d1b884ff22575feae2e914') in 0.011399 seconds 
  Import took 0.014488 seconds .

========================================================================
Received Import Request.
  Time since last request: 1.359474 seconds.
  path: Assets/Prefabs/Targets/Cookie.prefab
  artifactKey: Guid(9cc97627ed18b449695d703ab651f5cd) Importer(815301076,1909f56bfc062723c751e8b465ee728b)
Start importing Assets/Prefabs/Targets/Cookie.prefab using Guid(9cc97627ed18b449695d703ab651f5cd) Importer(815301076,1909f56bfc062723c751e8b465ee728b)  -> (artifact id: '58a71bf4d8e3c78e50e53741e86de5c8') in 0.090060 seconds 
  Import took 0.097204 seconds .

========================================================================
Received Import Request.
  Time since last request: 0.000291 seconds.
  path: Assets/Prefabs/Targets/Pizza.prefab
  artifactKey: Guid(11bccc60726374a918b5c73120d47ab3) Importer(815301076,1909f56bfc062723c751e8b465ee728b)
Start importing Assets/Prefabs/Targets/Pizza.prefab using Guid(11bccc60726374a918b5c73120d47ab3) Importer(815301076,1909f56bfc062723c751e8b465ee728b)  -> (artifact id: 'b92bfeb65a77e60a8b5c5057b72605d5') in 0.014638 seconds 
  Import took 0.031372 seconds .

========================================================================
Received Import Request.
  Time since last request: 0.000291 seconds.
  path: Assets/Prefabs/Targets/Skull.prefab
  artifactKey: Guid(591e0b0a9b4dd4709ad61b99dabf57ef) Importer(815301076,1909f56bfc062723c751e8b465ee728b)
Start importing Assets/Prefabs/Targets/Skull.prefab using Guid(591e0b0a9b4dd4709ad61b99dabf57ef) Importer(815301076,1909f56bfc062723c751e8b465ee728b)  -> (artifact id: '2809254dc0092ac37e75757f068329d5') in 0.075994 seconds 
  Import took 0.078186 seconds .

========================================================================
Received Import Request.
  Time since last request: 0.000258 seconds.
  path: Assets/Prefabs/Targets/Steak.prefab
  artifactKey: Guid(c5bbabce5ea79419488492993bfdadf0) Importer(815301076,1909f56bfc062723c751e8b465ee728b)
Start importing Assets/Prefabs/Targets/Steak.prefab using Guid(c5bbabce5ea79419488492993bfdadf0) Importer(815301076,1909f56bfc062723c751e8b465ee728b)  -> (artifact id: '0ca95eb34cfc2c0f59ceadb4be318a36') in 0.022464 seconds 
  Import took 0.025628 seconds .

========================================================================
Received Import Request.
  Time since last request: 1425.910988 seconds.
  path: Assets/TextMesh Pro/Resources/Style Sheets/Default Style Sheet.asset
  artifactKey: Guid(f952c082cb03451daed3ee968ac6c63e) Importer(815301076,1909f56bfc062723c751e8b465ee728b)
Start importing Assets/TextMesh Pro/Resources/Style Sheets/Default Style Sheet.asset using Guid(f952c082cb03451daed3ee968ac6c63e) Importer(815301076,1909f56bfc062723c751e8b465ee728b)  -> (artifact id: '99846f5a5cef2b9fb3476a6a84d35918') in 0.004958 seconds 
  Import took 0.007465 seconds .

========================================================================
Received Import Request.
  Time since last request: 0.000309 seconds.
  path: Assets/TextMesh Pro/Resources/Sprite Assets/EmojiOne.asset
  artifactKey: Guid(c41005c129ba4d66911b75229fd70b45) Importer(815301076,1909f56bfc062723c751e8b465ee728b)
Start importing Assets/TextMesh Pro/Resources/Sprite Assets/EmojiOne.asset using Guid(c41005c129ba4d66911b75229fd70b45) Importer(815301076,1909f56bfc062723c751e8b465ee728b)  -> (artifact id: '986490c020e1105dd17133c1d146b1f0') in 0.009164 seconds 
  Import took 0.011292 seconds .

========================================================================
Received Import Request.
  Time since last request: 1.300864 seconds.
  path: Assets/TextMesh Pro/Sprites/EmojiOne.png
  artifactKey: Guid(dffef66376be4fa480fb02b19edbe903) Importer(815301076,1909f56bfc062723c751e8b465ee728b)
Start importing Assets/TextMesh Pro/Sprites/EmojiOne.png using Guid(dffef66376be4fa480fb02b19edbe903) Importer(815301076,1909f56bfc062723c751e8b465ee728b)  -> (artifact id: '78dc8513107c28526beba175351c3d89') in 0.022143 seconds 
  Import took 0.024827 seconds .

========================================================================
Received Import Request.
  Time since last request: 38.030620 seconds.
  path: Assets/SCRIPTS/GameManager.cs
  artifactKey: Guid(cc8ed344f4beb41479a7aa0aa98db888) Importer(815301076,1909f56bfc062723c751e8b465ee728b)
Start importing Assets/SCRIPTS/GameManager.cs using Guid(cc8ed344f4beb41479a7aa0aa98db888) Importer(815301076,1909f56bfc062723c751e8b465ee728b)  -> (artifact id: 'ec0e85891f62ae4bcf19f8dfaa99c00a') in 0.001338 seconds 
  Import took 0.003649 seconds .

========================================================================
Received Import Request.
  Time since last request: 116.124396 seconds.
  path: Assets/SCRIPTS/GameManager.cs
  artifactKey: Guid(cc8ed344f4beb41479a7aa0aa98db888) Importer(815301076,1909f56bfc062723c751e8b465ee728b)
Start importing Assets/SCRIPTS/GameManager.cs using Guid(cc8ed344f4beb41479a7aa0aa98db888) Importer(815301076,1909f56bfc062723c751e8b465ee728b)  -> (artifact id: '1d488af3a5fa7c092b84858d169f3531') in 0.001346 seconds 
  Import took 0.004118 seconds .

========================================================================
Received Import Request.
  Time since last request: 836.581673 seconds.
  path: Assets/SCRIPTS/DESTROY_AFTER_TIME.cs
  artifactKey: Guid(6fbb5359cf8306f408d0108d07dd5763) Importer(815301076,1909f56bfc062723c751e8b465ee728b)
Start importing Assets/SCRIPTS/DESTROY_AFTER_TIME.cs using Guid(6fbb5359cf8306f408d0108d07dd5763) Importer(815301076,1909f56bfc062723c751e8b465ee728b)  -> (artifact id: 'e4456287fb407718b8788d28483c1f21') in 0.001571 seconds 
  Import took 0.004208 seconds .

========================================================================
Received Import Request.
  Time since last request: 584.440240 seconds.
  path: Assets/TextMesh Pro/Resources/Fonts & Materials/LiberationSans SDF.asset
  artifactKey: Guid(8f586378b4e144a9851e7b34d9b748ee) Importer(815301076,1909f56bfc062723c751e8b465ee728b)
Start importing Assets/TextMesh Pro/Resources/Fonts & Materials/LiberationSans SDF.asset using Guid(8f586378b4e144a9851e7b34d9b748ee) Importer(815301076,1909f56bfc062723c751e8b465ee728b)  -> (artifact id: '8c78675ba279b9ea62cb9b6362ced933') in 0.046045 seconds 
  Import took 0.048786 seconds .

========================================================================
Received Import Request.
  Time since last request: 912.473198 seconds.
  path: Assets/SCRIPTS/DIFICULTY_BUTTON.cs
  artifactKey: Guid(5c99cb25a850df74a9324a44ebb672ff) Importer(815301076,1909f56bfc062723c751e8b465ee728b)
Start importing Assets/SCRIPTS/DIFICULTY_BUTTON.cs using Guid(5c99cb25a850df74a9324a44ebb672ff) Importer(815301076,1909f56bfc062723c751e8b465ee728b)  -> (artifact id: 'ad1a57a09acbb0b5d06be05b1da91d12') in 0.001387 seconds 
  Import took 0.004381 seconds .

========================================================================
Received Import Request.
  Time since last request: 2326.953704 seconds.
  path: Assets/SCRIPTS/DIFICULTY_BUTTON.cs
  artifactKey: Guid(5c99cb25a850df74a9324a44ebb672ff) Importer(815301076,1909f56bfc062723c751e8b465ee728b)
Start importing Assets/SCRIPTS/DIFICULTY_BUTTON.cs using Guid(5c99cb25a850df74a9324a44ebb672ff) Importer(815301076,1909f56bfc062723c751e8b465ee728b)  -> (artifact id: 'bc170e7e48a653f9e0823c96bd3ff066') in 0.002440 seconds 
  Import took 0.005367 seconds .

AssetImportWorkerClient::OnTransportError - code=2 error=End of file
